[2026-04-28 10:31:47] [System] [SERVER ONLINE]
[2026-04-28 10:32:55] [System] [User 'kintil' connected]
[2026-04-28 10:33:01] [User] [[kintil]: oke]
[2026-04-28 10:33:04] [User] [[kintil]: asu]
[2026-04-28 10:33:07] [User] [[kintil]: maksud e?]
[2026-04-28 10:33:57] [System] [User 'tuempek' connected]
[2026-04-28 10:34:00] [User] [[tuempek]: oit]
[2026-04-28 10:34:39] [System] [User 'oiy' connected]
[2026-04-28 10:35:00] [System] [User 'oiy' disconnected]
[2026-04-28 10:36:02] [System] [User 'oiy' connected]
[2026-04-28 10:36:17] [User] [[oiy]: protocol17]
[2026-04-28 10:36:40] [System] [User 'oiy' disconnected]
[2026-04-28 10:38:35] [System] [User 'The Knights' connected]
[2026-04-28 10:38:39] [Admin] [RPC_GET_USERS]
[2026-04-28 10:38:43] [Admin] [RPC_GET_UPTIME]
[2026-04-28 10:38:46] [Admin] [RPC_SHUTDOWN]
[2026-04-28 10:38:46] [System] [EMERGENCY SHUTDOWN INITIATED]
[2026-04-28 12:32:32] [System] [SERVER ONLINE]
[2026-04-28 12:32:58] [System] [User 'kowarso' connected]
[2026-04-28 12:33:31] [System] [User 'The Knights' connected]
[2026-04-28 12:33:36] [Admin] [RPC_GET_USERS]
[2026-04-28 12:33:39] [Admin] [RPC_GET_UPTIME]
[2026-04-28 12:33:42] [System] [User 'The Knights' disconnected]
[2026-04-28 12:34:02] [User] [[kowarso]: ./exit]
[2026-04-28 12:34:05] [System] [User 'kowarso' disconnected]
[2026-04-28 12:34:08] [System] [SERVER OFFLINE]
